<?xml version="1.0" encoding="UTF-8"?>
<!-- Generated by org.testng.reporters.JUnitXMLReporter -->
<testsuite hostname="zhaoll" ignored="1" name="cn.usmile365" tests="1" failures="0" timestamp="01 四月 2017 15:32:12 GMT" time="0.031" errors="0">
  <testcase name="printContext1" time="0.011" classname="com.wesmile365.demo2.PrintContext"/>
  <testcase name="printContext" time="0.0" classname="com.wesmile365.demo2.PrintContext">
    <ignored/>
  </testcase> <!-- printContext -->
</testsuite> <!-- cn.usmile365 -->
