<?xml version="1.0" encoding="UTF-8"?>
<testng-results skipped="0" failed="0" ignored="1" total="2" passed="1">
  <reporter-output>
  </reporter-output>
  <suite name="Suite1" duration-ms="31" started-at="2017-04-01T15:32:12Z" finished-at="2017-04-01T15:32:12Z">
    <groups>
    </groups>
    <test name="cn.usmile365" duration-ms="31" started-at="2017-04-01T15:32:12Z" finished-at="2017-04-01T15:32:12Z">
      <class name="com.wesmile365.demo2.PrintContext">
        <test-method status="PASS" signature="printContext1(org.testng.ITestContext)[pri:0, instance:com.wesmile365.demo2.PrintContext@458ad742]" name="printContext1" duration-ms="11" started-at="2017-04-01T23:32:12Z" finished-at="2017-04-01T23:32:12Z">
          <params>
            <param index="0">
              <value>
                <![CDATA[org.testng.TestRunner@4dfa3a9d]]>
              </value>
            </param>
          </params>
          <reporter-output>
          </reporter-output>
        </test-method> <!-- printContext1 -->
      </class> <!-- com.wesmile365.demo2.PrintContext -->
    </test> <!-- cn.usmile365 -->
  </suite> <!-- Suite1 -->
</testng-results>
